Arguments: 
  C:\Software\nodejs\node.exe C:\Software\yarn\bin\yarn.js remove vue

PATH: 
  C:\Software\cmder\vendor\git-for-windows\mingw64\bin;C:\Software\cmder\vendor\git-for-windows\usr\bin;C:\Users\luo\bin;C:\Users\luo\Desktop\mvc demo\node_modules\.bin;C:\Program Files (x86)\Intel\iCLS Client;C:\Program Files\Intel\iCLS Client;C:\Windows\system32;C:\Windows;C:\Windows\System32\Wbem;C:\Windows\System32\WindowsPowerShell\v1.0;C:\Program Files (x86)\Intel\Intel(R) Management Engine Components\DAL;C:\Program Files\Intel\Intel(R) Management Engine Components\DAL;C:\Program Files (x86)\Intel\Intel(R) Management Engine Components\IPT;C:\Program Files\Intel\Intel(R) Management Engine Components\IPT;C:\Software\nodejs;C:\Software\yarn\bin;C:\Users\luo\AppData\Local\Microsoft\WindowsApps;C:\Software\Microsoft VS Code\bin;C:\Users\luo\AppData\Roaming\npm;C:\Users\luo\AppData\Local\Yarn\bin;C:\Software\WebStorm 2020.3.3\bin

Yarn version: 
  1.22.5

Node version: 
  14.16.0

Platform: 
  win32 x64

Trace: 
  TypeError [ERR_INVALID_ARG_TYPE]: The "path" argument must be of type string. Received [Object: null prototype]
      at validateString (internal/validators.js:124:11)
      at Object.isAbsolute (path.js:353:5)
      at module.exports.exports.default (C:\Software\yarn\lib\cli.js:96946:16)
      at C:\Software\yarn\lib\cli.js:51144:63
      at Generator.next (<anonymous>)
      at step (C:\Software\yarn\lib\cli.js:310:30)
      at C:\Software\yarn\lib\cli.js:321:13

npm manifest: 
  {
    "dependencies": {
      "jquery": "^3.6.0",
      "vue": "^2.6.12",
      "vuw": "^1.0.0",
      "alias": {
        "vue" : "./node_modules/vue/dist/vue.common.js"
      }
    }
  }

yarn manifest: 
  No manifest

Lockfile: 
  # THIS IS AN AUTOGENERATED FILE. DO NOT EDIT THIS FILE DIRECTLY.
  # yarn lockfile v1
  
  
  jquery@^3.6.0:
    version "3.6.0"
    resolved "https://registry.npm.taobao.org/jquery/download/jquery-3.6.0.tgz#c72a09f15c1bdce142f49dbf1170bdf8adac2470"
    integrity sha1-xyoJ8Vwb3OFC9J2/EXC9+K2sJHA=
  
  vue@^2.6.12:
    version "2.6.12"
    resolved "https://registry.npm.taobao.org/vue/download/vue-2.6.12.tgz?cache=0&sync_timestamp=1616794629044&other_urls=https%3A%2F%2Fregistry.npm.taobao.org%2Fvue%2Fdownload%2Fvue-2.6.12.tgz#f5ebd4fa6bd2869403e29a896aed4904456c9123"
    integrity sha1-9evU+mvShpQD4pqJau1JBEVskSM=
  
  vuw@^1.0.0:
    version "1.0.0"
    resolved "https://registry.npm.taobao.org/vuw/download/vuw-1.0.0.tgz#0c633e004e68f749e5a8d171b4b39154080bebd2"
    integrity sha1-DGM+AE5o90nlqNFxtLORVAgL69I=
